<?xml version="1.0" encoding="UTF-8"?>
<!-- Generated by org.testng.reporters.JUnitReportReporter -->
<testsuite hostname="inbl01lap5578" failures="0" tests="1" name="DeleteRequest.Project_DeleteRequest" time="2.827" errors="0" timestamp="2022-02-18T23:36:39 IST" skipped="0">
  <testcase classname="DeleteRequest.Project_DeleteRequest" name="Delete_Request" time="2.827"/>
  <system-out/>
</testsuite> <!-- DeleteRequest.Project_DeleteRequest -->
