<?xml version="1.0" encoding="UTF-8"?>
<!-- Generated by org.testng.reporters.JUnitReportReporter -->
<testsuite hostname="inbl01lap5578" failures="0" tests="1" name="GetRequest.Project_GetRequest" time="2.840" errors="0" timestamp="2022-02-19T00:31:35 IST" skipped="0">
  <testcase classname="GetRequest.Project_GetRequest" name="Get_Request" time="2.840"/>
  <system-out/>
</testsuite> <!-- GetRequest.Project_GetRequest -->
