<?xml version="1.0" encoding="UTF-8"?>
<!-- Generated by org.testng.reporters.JUnitReportReporter -->
<testsuite hostname="inbl01lap5578" failures="0" tests="1" name="PostRequest.Project_PostRequest" time="2.607" errors="0" timestamp="2022-02-18T23:35:46 IST" skipped="0">
  <testcase classname="PostRequest.Project_PostRequest" name="Post_Request" time="2.607"/>
  <system-out/>
</testsuite> <!-- PostRequest.Project_PostRequest -->
