<?xml version="1.0" encoding="UTF-8"?>
<!-- Generated by org.testng.reporters.JUnitReportReporter -->
<testsuite hostname="inbl01lap5578" failures="0" tests="4" name="testcases.Testcase" time="36.420" errors="0" timestamp="18 Feb 2022 15:28:50 GMT" skipped="0">
  <testcase classname="testcases.Testcase" name="AppointmentScheduling" time="6.973"/>
  <testcase classname="testcases.Testcase" name="Sign_in" time="6.684"/>
  <testcase classname="testcases.Testcase" name="CaptureVitals" time="20.040"/>
  <testcase classname="testcases.Testcase" name="Invalid_Sign_in" time="2.723"/>
</testsuite> <!-- testcases.Testcase -->
